#
# A fatal error has been detected by the Java Runtime Environment:
#
#  SIGSEGV (0xb) at pc=0x0000000000000000, pid=14925, tid=68359
#
# JRE version: Java(TM) SE Runtime Environment (7.0_67-b01) (build 1.7.0_67-b01)
# Java VM: Java HotSpot(TM) 64-Bit Server VM (24.65-b04 mixed mode bsd-amd64 compressed oops)
# Problematic frame:
# C  0x0000000000000000
#
# Failed to write core dump. Core dumps have been disabled. To enable core dumping, try "ulimit -c unlimited" before starting Java again
#
# If you would like to submit a bug report, please visit:
#   http://bugreport.sun.com/bugreport/crash.jsp
#

---------------  T H R E A D  ---------------

Current thread is native thread

siginfo:si_signo=SIGSEGV: si_errno=0, si_code=1 (SEGV_MAPERR), si_addr=0x0000000000000000

Registers:
RAX=0x00000001975ae508, RBX=0x00000000000161b0, RCX=0x0000000000000010, RDX=0xfffffffffffffff0
RSP=0x00000001978eea18, RBP=0x00000001978eeac0, RSI=0x0000000000000000, RDI=0x00007f81f1970c00
R8 =0x0000000000000200, R9 =0x00007f81f066a420, R10=0x00000001975f405c, R11=0xffffffffffffd2c0
R12=0x00007f81f066a420, R13=0x00007f81f1970c00, R14=0x0000000000000200, R15=0x0000000000000800
RIP=0x0000000000000000, EFLAGS=0x0000000000010246, ERR=0x0000000000000014
  TRAPNO=0x000000000000000e

Top of Stack: (sp=0x00000001978eea18)
0x00000001978eea18:   0000000197580639 00000001978eeb00
0x00000001978eea28:   00007fff8f0bf6ca 00007f81f1978db0
0x00000001978eea38:   000000019857d010 00007f81f1976db0
0x00000001978eea48:   0000020000000004 0000000000000000
0x00000001978eea58:   0000000000000800 0000000000000200
0x00000001978eea68:   00007f81f1974db0 00007f81f1970c00
0x00000001978eea78:   0000020000000000 00007f81f066d168
0x00000001978eea88:   000000000000037f 0200ed831e388597
0x00000001978eea98:   00007f81f066d498 00007f81f066a420
0x00000001978eeaa8:   00007f81f066d160 0000000000000200
0x00000001978eeab8:   00007f81f066d420 00000001978eead0
0x00000001978eeac8:   00000001975902ef 00000001978eeb40
0x00000001978eead8:   00000001975f1230 00007f81f193cbf8
0x00000001978eeae8:   00007f81f193ca00 00007f81f066d498
0x00000001978eeaf8:   0000000095ef08f3 00000001978eec90
0x00000001978eeb08:   00000001978eec88 0000020000000000
0x00000001978eeb18:   00000001978eec88 00007f81f066d6a0
0x00000001978eeb28:   00007f81f193ca00 00007f81f0437820
0x00000001978eeb38:   0000000000000200 00000001978eeb90
0x00000001978eeb48:   00000001975eec61 00000001978eebd0
0x00000001978eeb58:   00000001978eec90 00000000f193cc28
0x00000001978eeb68:   00007f81f193ca00 0000000000000000
0x00000001978eeb78:   00007f81f0437820 00000000ffffffce
0x00000001978eeb88:   0000000000000200 00000001978eec00
0x00000001978eeb98:   00000001975ed515 00007f81f0437820
0x00000001978eeba8:   00001fa09857b0e0 00000001978eec88
0x00000001978eebb8:   00007f81f066d6a0 00007f81f193ca00
0x00000001978eebc8:   00000001978eec90 00009fe000000000
0x00000001978eebd8:   00007f8100000007 00007f81f193ca00
0x00000001978eebe8:   0000000000000000 00007f81f0437820
0x00000001978eebf8:   000000019857b060 00000001978eed00
0x00000001978eec08:   00000001975f4878 00007f81f0665898 

Instructions: (pc=0x0000000000000000)
0xffffffffffffffe0:   

Register to memory mapping:

RAX=